1:08:45 - INFO - Looking for the element: accept terms checkbox
11:08:46 - INFO - Looking for the element: accept terms checkbox
11:08:47 - INFO - Looking for the element: accept terms checkbox
11:08:48 - INFO - Looking for the element: accept terms checkbox
Traceback (most recent call last):
  File "/home/aslan/python/bluecard/src/main.py", line 219, in <module>
    if(not clickAcceptTermsCheckbox(driver)):
  File "/home/aslan/python/bluecard/src/main.py", line 104, in clickAcceptTermsCheckbox
    elementName = "accept terms checkbox"
  File "/home/aslan/python/bluecard/src/main.py", line 76, in findAndClickElement
    element = findElement(driver, elementXpath, elementName)
  File "/home/aslan/python/bluecard/src/main.py", line 18, in findElement
    element = driver.find_element_by_xpath(elementXpath)
  File "/home/aslan/python/bluecard/venv/lib/python3.8/site-packages/selenium/webdriver/remote/webdriver.py", line 393, in find_element_by_xpath
    return self.find_element(by=By.XPATH, value=xpath)
  File "/home/aslan/python/bluecard/venv/lib/python3.8/site-packages/selenium/webdriver/remote/webdriver.py", line 964, in find_element
    return self.execute(Command.FIND_ELEMENT, {
  File "/home/aslan/python/bluecard/venv/lib/python3.8/site-packages/selenium/webdriver/remote/webdriver.py", line 320, in execute
    self.error_handler.check_response(response)
  File "/home/aslan/python/bluecard/venv/lib/python3.8/site-packages/selenium/webdriver/remote/errorhandler.py", line 242, in check_response
    raise exception_class(message, screen, stacktrace)
selenium.common.exceptions.WebDriverException: Message: chrome not reachable
  (Session info: chrome=93.0.4577.63)